<?xml version="1.0" encoding="UTF-8" ?>
<testsuite failures="0" time="86.237" errors="0" skipped="0" tests="7" name="org.williamhill.automation.RunCucumberTests">
  <properties>
[...]
</properties>
  <testcase time="0.001" classname="| Football | Slovakia vs England | Slovakia | 0.03 | Euro 2016 |" name="Given User logged into WilliamHill"/>
  <testcase time="0" classname="| Football | Slovakia vs England | Slovakia | 0.03 | Euro 2016 |" name="And User navigated to WilliamHill Betting Page"/>
  <testcase time="0.001" classname="| Football | Slovakia vs England | Slovakia | 0.03 | Euro 2016 |" name="When User selects &quot;Football&quot; from betting home page"/>
  <testcase time="0" classname="| Football | Slovakia vs England | Slovakia | 0.03 | Euro 2016 |" name="And selects the match &quot;Slovakia vs England&quot; to place bet in &quot;Euro 2016&quot;"/>
  <testcase time="0" classname="| Football | Slovakia vs England | Slovakia | 0.03 | Euro 2016 |" name="And places a bet &quot;0.03&quot; on &quot;Slovakia&quot; to win from Betslip"/>
  <testcase time="0" classname="| Football | Slovakia vs England | Slovakia | 0.03 | Euro 2016 |" name="Then Verify that odds and betAmount and returns offered are displayed in bet reciept"/>
  <testcase time="0.002" classname="| Football | Slovakia vs England | Slovakia | 0.03 | Euro 2016 |" name="| Football | Slovakia vs England | Slovakia | 0.03 | Euro 2016 |"/>
</testsuite>